[Mon Feb 04 2019 10:05:55 GMT+0100 (GMT+01:00)]:  Process got status code 2 - Options were: {"restartOnCrash":true,"crashTimeout":3000,"restartTimeout":0,"console":true,"logFile":"./wrapper.log","logConsoleOutput":null,"logTimestamp":true,"bootLoopDetection":3000}
[Mon Feb 04 2019 10:07:06 GMT+0100 (GMT+01:00)]:  Process got status code 2 - Options were: {"restartOnCrash":true,"crashTimeout":3000,"restartTimeout":0,"console":true,"logFile":"./wrapper.log","logConsoleOutput":null,"logTimestamp":true,"bootLoopDetection":3000}
[Mon Feb 04 2019 10:07:41 GMT+0100 (GMT+01:00)]:  Process got status code 2 - Options were: {"restartOnCrash":true,"crashTimeout":3000,"restartTimeout":0,"console":true,"logFile":"./wrapper.log","logConsoleOutput":null,"logTimestamp":true,"bootLoopDetection":3000}
[Mon Feb 04 2019 10:08:31 GMT+0100 (GMT+01:00)]:  Process got status code 2 - Options were: {"restartOnCrash":true,"crashTimeout":3000,"restartTimeout":0,"console":true,"logFile":"./wrapper.log","logConsoleOutput":null,"logTimestamp":true,"bootLoopDetection":3000}
[Mon Feb 04 2019 10:09:32 GMT+0100 (GMT+01:00)]:  Process got status code 2 - Options were: {"restartOnCrash":true,"crashTimeout":3000,"restartTimeout":0,"console":true,"logFile":"./wrapper.log","logConsoleOutput":null,"logTimestamp":true,"bootLoopDetection":3000}
[Mon Feb 04 2019 10:12:01 GMT+0100 (GMT+01:00)]:  Process got status code 2 - Options were: {"restartOnCrash":true,"crashTimeout":3000,"restartTimeout":0,"console":true,"logFile":"./wrapper.log","logConsoleOutput":null,"logTimestamp":true,"bootLoopDetection":3000}
[Mon Feb 04 2019 10:12:21 GMT+0100 (GMT+01:00)]:  Process got status code 2 - Options were: {"restartOnCrash":true,"crashTimeout":3000,"restartTimeout":0,"console":true,"logFile":"./wrapper.log","logConsoleOutput":null,"logTimestamp":true,"bootLoopDetection":3000}
[Mon Feb 04 2019 10:17:26 GMT+0100 (GMT+01:00)]:  Process got status code 2 - Options were: {"restartOnCrash":true,"crashTimeout":3000,"restartTimeout":0,"console":true,"logFile":"./wrapper.log","logConsoleOutput":null,"logTimestamp":true,"bootLoopDetection":3000}
[Mon Feb 04 2019 10:22:37 GMT+0100 (GMT+01:00)]:  Process got status code 2 - Options were: {"restartOnCrash":true,"crashTimeout":3000,"restartTimeout":0,"console":true,"logFile":"./wrapper.log","logConsoleOutput":null,"logTimestamp":true,"bootLoopDetection":3000}
[Mon Feb 04 2019 10:23:01 GMT+0100 (GMT+01:00)]:  Process got status code 2 - Options were: {"restartOnCrash":true,"crashTimeout":3000,"restartTimeout":0,"console":true,"logFile":"./wrapper.log","logConsoleOutput":null,"logTimestamp":true,"bootLoopDetection":3000}
[Mon Feb 04 2019 10:23:13 GMT+0100 (GMT+01:00)]:  Process got status code 2 - Options were: {"restartOnCrash":true,"crashTimeout":3000,"restartTimeout":0,"console":true,"logFile":"./wrapper.log","logConsoleOutput":null,"logTimestamp":true,"bootLoopDetection":3000}
[Mon Feb 04 2019 10:26:16 GMT+0100 (GMT+01:00)]:  Process got status code 2 - Options were: {"restartOnCrash":true,"crashTimeout":3000,"restartTimeout":0,"console":true,"logFile":"./wrapper.log","logConsoleOutput":null,"logTimestamp":true,"bootLoopDetection":3000}
[Mon Feb 04 2019 10:27:06 GMT+0100 (GMT+01:00)]:  Process got status code 2 - Options were: {"restartOnCrash":true,"crashTimeout":3000,"restartTimeout":0,"console":true,"logFile":"./wrapper.log","logConsoleOutput":null,"logTimestamp":true,"bootLoopDetection":3000}
[Mon Feb 04 2019 10:28:45 GMT+0100 (GMT+01:00)]:  Process got status code 2 - Options were: {"restartOnCrash":true,"crashTimeout":3000,"restartTimeout":0,"console":true,"logFile":"./wrapper.log","logConsoleOutput":null,"logTimestamp":true,"bootLoopDetection":3000}
[Mon Feb 04 2019 10:33:37 GMT+0100 (GMT+01:00)]:  Process got status code 2 - Options were: {"restartOnCrash":true,"crashTimeout":3000,"restartTimeout":0,"console":true,"logFile":"./wrapper.log","logConsoleOutput":null,"logTimestamp":true,"bootLoopDetection":3000}
[Mon Feb 04 2019 10:33:49 GMT+0100 (GMT+01:00)]:  Process got status code 2 - Options were: {"restartOnCrash":true,"crashTimeout":3000,"restartTimeout":0,"console":true,"logFile":"./wrapper.log","logConsoleOutput":null,"logTimestamp":true,"bootLoopDetection":3000}
[Mon Feb 04 2019 10:33:54 GMT+0100 (GMT+01:00)]:  Process got status code 2 - Options were: {"restartOnCrash":true,"crashTimeout":3000,"restartTimeout":0,"console":true,"logFile":"./wrapper.log","logConsoleOutput":null,"logTimestamp":true,"bootLoopDetection":3000}
[Mon Feb 04 2019 10:34:02 GMT+0100 (GMT+01:00)]:  Process got status code 2 - Options were: {"restartOnCrash":true,"crashTimeout":3000,"restartTimeout":0,"console":true,"logFile":"./wrapper.log","logConsoleOutput":null,"logTimestamp":true,"bootLoopDetection":3000}
[Mon Feb 04 2019 10:34:30 GMT+0100 (GMT+01:00)]:  Process got status code 2 - Options were: {"restartOnCrash":true,"crashTimeout":3000,"restartTimeout":0,"console":true,"logFile":"./wrapper.log","logConsoleOutput":null,"logTimestamp":true,"bootLoopDetection":3000}
[Mon Feb 04 2019 10:34:42 GMT+0100 (GMT+01:00)]:  Process got status code 2 - Options were: {"restartOnCrash":true,"crashTimeout":3000,"restartTimeout":0,"console":true,"logFile":"./wrapper.log","logConsoleOutput":null,"logTimestamp":true,"bootLoopDetection":3000}
[Mon Feb 04 2019 10:34:53 GMT+0100 (GMT+01:00)]:  Process got status code 2 - Options were: {"restartOnCrash":true,"crashTimeout":3000,"restartTimeout":0,"console":true,"logFile":"./wrapper.log","logConsoleOutput":null,"logTimestamp":true,"bootLoopDetection":3000}
[Mon Feb 04 2019 10:34:56 GMT+0100 (GMT+01:00)]:  Process got status code 2 - Options were: {"restartOnCrash":true,"crashTimeout":3000,"restartTimeout":0,"console":true,"logFile":"./wrapper.log","logConsoleOutput":null,"logTimestamp":true,"bootLoopDetection":3000}
[Mon Feb 04 2019 10:35:01 GMT+0100 (GMT+01:00)]:  Process got status code 2 - Options were: {"restartOnCrash":true,"crashTimeout":3000,"restartTimeout":0,"console":true,"logFile":"./wrapper.log","logConsoleOutput":null,"logTimestamp":true,"bootLoopDetection":3000}
[Mon Feb 04 2019 10:35:15 GMT+0100 (GMT+01:00)]:  Process got status code 2 - Options were: {"restartOnCrash":true,"crashTimeout":3000,"restartTimeout":0,"console":true,"logFile":"./wrapper.log","logConsoleOutput":null,"logTimestamp":true,"bootLoopDetection":3000}
[Mon Feb 04 2019 10:37:11 GMT+0100 (GMT+01:00)]:  Process got status code 2 - Options were: {"restartOnCrash":true,"crashTimeout":3000,"restartTimeout":0,"console":true,"logFile":"./wrapper.log","logConsoleOutput":null,"logTimestamp":true,"bootLoopDetection":3000}
[Mon Feb 04 2019 20:20:27 GMT+0100 (GMT+01:00)]:  Process got status code 2 - Options were: {"restartOnCrash":true,"crashTimeout":3000,"restartTimeout":0,"console":true,"logFile":"./wrapper.log","logConsoleOutput":null,"logTimestamp":true,"bootLoopDetection":3000}
[Mon Feb 04 2019 20:53:43 GMT+0100 (GMT+01:00)]:  Process got status code 2 - Options were: {"restartOnCrash":true,"crashTimeout":3000,"restartTimeout":0,"console":true,"logFile":"./wrapper.log","logConsoleOutput":null,"logTimestamp":true,"bootLoopDetection":3000}
[Mon Feb 04 2019 22:59:02 GMT+0100 (GMT+01:00)]:  Process got status code 2 - Options were: {"restartOnCrash":true,"crashTimeout":3000,"restartTimeout":0,"console":true,"logFile":"./wrapper.log","logConsoleOutput":null,"logTimestamp":true,"bootLoopDetection":3000}
[Mon Feb 04 2019 23:00:27 GMT+0100 (GMT+01:00)]:  Process got status code 2 - Options were: {"restartOnCrash":true,"crashTimeout":3000,"restartTimeout":0,"console":true,"logFile":"./wrapper.log","logConsoleOutput":null,"logTimestamp":true,"bootLoopDetection":3000}
[Tue Feb 05 2019 18:58:31 GMT+0100 (GMT+01:00)]:  Process got status code 1 - Options were: {"restartOnCrash":true,"crashTimeout":3000,"restartTimeout":0,"console":true,"logFile":"./wrapper.log","logConsoleOutput":null,"logTimestamp":true,"bootLoopDetection":3000}
[Tue Feb 05 2019 19:00:08 GMT+0100 (GMT+01:00)]:  Process got status code 1 - Options were: {"restartOnCrash":true,"crashTimeout":3000,"restartTimeout":0,"console":true,"logFile":"./wrapper.log","logConsoleOutput":null,"logTimestamp":true,"bootLoopDetection":3000}
[Tue Feb 05 2019 19:01:58 GMT+0100 (GMT+01:00)]:  Process got status code 1 - Options were: {"restartOnCrash":true,"crashTimeout":3000,"restartTimeout":0,"console":true,"logFile":"./wrapper.log","logConsoleOutput":null,"logTimestamp":true,"bootLoopDetection":3000}
[Tue Feb 05 2019 19:35:37 GMT+0100 (GMT+01:00)]:  Process got status code 1 - Options were: {"restartOnCrash":true,"crashTimeout":3000,"restartTimeout":0,"console":true,"logFile":"./wrapper.log","logConsoleOutput":null,"logTimestamp":true,"bootLoopDetection":3000}
[Tue Feb 05 2019 19:36:14 GMT+0100 (GMT+01:00)]:  Process got status code 1 - Options were: {"restartOnCrash":true,"crashTimeout":3000,"restartTimeout":0,"console":true,"logFile":"./wrapper.log","logConsoleOutput":null,"logTimestamp":true,"bootLoopDetection":3000}
[Tue Feb 05 2019 19:36:34 GMT+0100 (GMT+01:00)]:  Process got status code 1 - Options were: {"restartOnCrash":true,"crashTimeout":3000,"restartTimeout":0,"console":true,"logFile":"./wrapper.log","logConsoleOutput":null,"logTimestamp":true,"bootLoopDetection":3000}
[Tue Feb 05 2019 19:36:50 GMT+0100 (GMT+01:00)]:  Process got status code 1 - Options were: {"restartOnCrash":true,"crashTimeout":3000,"restartTimeout":0,"console":true,"logFile":"./wrapper.log","logConsoleOutput":null,"logTimestamp":true,"bootLoopDetection":3000}
[Tue Feb 05 2019 19:36:58 GMT+0100 (GMT+01:00)]:  Process got status code 1 - Options were: {"restartOnCrash":true,"crashTimeout":3000,"restartTimeout":0,"console":true,"logFile":"./wrapper.log","logConsoleOutput":null,"logTimestamp":true,"bootLoopDetection":3000}
[Tue Feb 05 2019 19:37:56 GMT+0100 (GMT+01:00)]:  Process got status code 1 - Options were: {"restartOnCrash":true,"crashTimeout":3000,"restartTimeout":0,"console":true,"logFile":"./wrapper.log","logConsoleOutput":null,"logTimestamp":true,"bootLoopDetection":3000}
[Tue Feb 05 2019 19:38:31 GMT+0100 (GMT+01:00)]:  Process got status code 1 - Options were: {"restartOnCrash":true,"crashTimeout":3000,"restartTimeout":0,"console":true,"logFile":"./wrapper.log","logConsoleOutput":null,"logTimestamp":true,"bootLoopDetection":3000}
[Tue Feb 05 2019 19:38:45 GMT+0100 (GMT+01:00)]:  Process got status code 2 - Options were: {"restartOnCrash":true,"crashTimeout":3000,"restartTimeout":0,"console":true,"logFile":"./wrapper.log","logConsoleOutput":null,"logTimestamp":true,"bootLoopDetection":3000}
[Tue Feb 05 2019 19:51:18 GMT+0100 (GMT+01:00)]:  Process got status code 2 - Options were: {"restartOnCrash":true,"crashTimeout":3000,"restartTimeout":0,"console":true,"logFile":"./wrapper.log","logConsoleOutput":null,"logTimestamp":true,"bootLoopDetection":3000}
[Wed Feb 06 2019 04:51:44 GMT+0100 (GMT+01:00)]:  Process got status code 1 - Options were: {"restartOnCrash":true,"crashTimeout":3000,"restartTimeout":0,"console":true,"logFile":"./wrapper.log","logConsoleOutput":null,"logTimestamp":true,"bootLoopDetection":3000}
[Wed Feb 06 2019 04:54:48 GMT+0100 (GMT+01:00)]:  Process got status code 1 - Options were: {"restartOnCrash":true,"crashTimeout":3000,"restartTimeout":0,"console":true,"logFile":"./wrapper.log","logConsoleOutput":null,"logTimestamp":true,"bootLoopDetection":3000}
[Wed Feb 06 2019 05:27:16 GMT+0100 (GMT+01:00)]:  Process got status code 1 - Options were: {"restartOnCrash":true,"crashTimeout":3000,"restartTimeout":0,"console":true,"logFile":"./wrapper.log","logConsoleOutput":null,"logTimestamp":true,"bootLoopDetection":3000}
[Wed Feb 06 2019 06:13:47 GMT+0100 (GMT+01:00)]:  Process got status code 1 - Options were: {"restartOnCrash":true,"crashTimeout":3000,"restartTimeout":0,"console":true,"logFile":"./wrapper.log","logConsoleOutput":null,"logTimestamp":true,"bootLoopDetection":3000}
[Wed Feb 06 2019 06:46:46 GMT+0100 (GMT+01:00)]:  Process got status code 1 - Options were: {"restartOnCrash":true,"crashTimeout":3000,"restartTimeout":0,"console":true,"logFile":"./wrapper.log","logConsoleOutput":null,"logTimestamp":true,"bootLoopDetection":3000}
[Wed Feb 06 2019 07:41:34 GMT+0100 (GMT+01:00)]:  Process got status code 1 - Options were: {"restartOnCrash":true,"crashTimeout":3000,"restartTimeout":0,"console":true,"logFile":"./wrapper.log","logConsoleOutput":null,"logTimestamp":true,"bootLoopDetection":3000}
[Wed Feb 06 2019 14:01:04 GMT+0100 (GMT+01:00)]:  Process got status code 1 - Options were: {"restartOnCrash":true,"crashTimeout":3000,"restartTimeout":0,"console":true,"logFile":"./wrapper.log","logConsoleOutput":null,"logTimestamp":true,"bootLoopDetection":3000}
[Thu Feb 07 2019 03:58:20 GMT+0100 (GMT+01:00)]:  Process got status code 1 - Options were: {"restartOnCrash":true,"crashTimeout":3000,"restartTimeout":0,"console":true,"logFile":"./wrapper.log","logConsoleOutput":null,"logTimestamp":true,"bootLoopDetection":3000}
[Thu Feb 07 2019 04:19:21 GMT+0100 (GMT+01:00)]:  Process got status code 1 - Options were: {"restartOnCrash":true,"crashTimeout":3000,"restartTimeout":0,"console":true,"logFile":"./wrapper.log","logConsoleOutput":null,"logTimestamp":true,"bootLoopDetection":3000}
[Thu Feb 07 2019 04:28:35 GMT+0100 (GMT+01:00)]:  Process got status code 1 - Options were: {"restartOnCrash":true,"crashTimeout":3000,"restartTimeout":0,"console":true,"logFile":"./wrapper.log","logConsoleOutput":null,"logTimestamp":true,"bootLoopDetection":3000}
[Thu Feb 07 2019 10:40:30 GMT+0100 (GMT+01:00)]:  Process got status code 1 - Options were: {"restartOnCrash":true,"crashTimeout":3000,"restartTimeout":0,"console":true,"logFile":"./wrapper.log","logConsoleOutput":null,"logTimestamp":true,"bootLoopDetection":3000}
[Thu Feb 07 2019 11:56:11 GMT+0100 (GMT+01:00)]:  Process got status code 1 - Options were: {"restartOnCrash":true,"crashTimeout":3000,"restartTimeout":0,"console":true,"logFile":"./wrapper.log","logConsoleOutput":null,"logTimestamp":true,"bootLoopDetection":3000}
[Thu Feb 07 2019 12:06:39 GMT+0100 (GMT+01:00)]:  Process got status code 1 - Options were: {"restartOnCrash":true,"crashTimeout":3000,"restartTimeout":0,"console":true,"logFile":"./wrapper.log","logConsoleOutput":null,"logTimestamp":true,"bootLoopDetection":3000}
[Thu Feb 07 2019 12:32:36 GMT+0100 (GMT+01:00)]:  Process got status code 2 - Options were: {"restartOnCrash":true,"crashTimeout":3000,"restartTimeout":0,"console":true,"logFile":"./wrapper.log","logConsoleOutput":null,"logTimestamp":true,"bootLoopDetection":3000}
[Thu Feb 07 2019 13:41:17 GMT+0100 (GMT+01:00)]:  Process got status code 1 - Options were: {"restartOnCrash":true,"crashTimeout":3000,"restartTimeout":0,"console":true,"logFile":"./wrapper.log","logConsoleOutput":null,"logTimestamp":true,"bootLoopDetection":3000}
[Thu Feb 07 2019 15:34:01 GMT+0100 (GMT+01:00)]:  Process got status code 2 - Options were: {"restartOnCrash":true,"crashTimeout":3000,"restartTimeout":0,"console":true,"logFile":"./wrapper.log","logConsoleOutput":null,"logTimestamp":true,"bootLoopDetection":3000}
[Thu Feb 07 2019 15:42:11 GMT+0100 (GMT+01:00)]:  Process got status code 1 - Options were: {"restartOnCrash":true,"crashTimeout":3000,"restartTimeout":0,"console":true,"logFile":"./wrapper.log","logConsoleOutput":null,"logTimestamp":true,"bootLoopDetection":3000}
[Thu Feb 07 2019 15:42:31 GMT+0100 (GMT+01:00)]:  Process got status code 2 - Options were: {"restartOnCrash":true,"crashTimeout":3000,"restartTimeout":0,"console":true,"logFile":"./wrapper.log","logConsoleOutput":null,"logTimestamp":true,"bootLoopDetection":3000}
[Thu Feb 07 2019 15:51:05 GMT+0100 (GMT+01:00)]:  Process got status code 2 - Options were: {"restartOnCrash":true,"crashTimeout":3000,"restartTimeout":0,"console":true,"logFile":"./wrapper.log","logConsoleOutput":null,"logTimestamp":true,"bootLoopDetection":3000}
[Thu Feb 07 2019 15:51:31 GMT+0100 (GMT+01:00)]:  Process got status code 2 - Options were: {"restartOnCrash":true,"crashTimeout":3000,"restartTimeout":0,"console":true,"logFile":"./wrapper.log","logConsoleOutput":null,"logTimestamp":true,"bootLoopDetection":3000}
[Thu Feb 07 2019 15:52:19 GMT+0100 (GMT+01:00)]:  Process got status code 2 - Options were: {"restartOnCrash":true,"crashTimeout":3000,"restartTimeout":0,"console":true,"logFile":"./wrapper.log","logConsoleOutput":null,"logTimestamp":true,"bootLoopDetection":3000}
[Thu Feb 07 2019 15:53:12 GMT+0100 (GMT+01:00)]:  Process got status code 2 - Options were: {"restartOnCrash":true,"crashTimeout":3000,"restartTimeout":0,"console":true,"logFile":"./wrapper.log","logConsoleOutput":null,"logTimestamp":true,"bootLoopDetection":3000}
[Thu Feb 07 2019 15:54:36 GMT+0100 (GMT+01:00)]:  Process got status code 2 - Options were: {"restartOnCrash":true,"crashTimeout":3000,"restartTimeout":0,"console":true,"logFile":"./wrapper.log","logConsoleOutput":null,"logTimestamp":true,"bootLoopDetection":3000}
[Thu Feb 07 2019 15:57:01 GMT+0100 (GMT+01:00)]:  Process got status code 2 - Options were: {"restartOnCrash":true,"crashTimeout":3000,"restartTimeout":0,"console":true,"logFile":"./wrapper.log","logConsoleOutput":null,"logTimestamp":true,"bootLoopDetection":3000}
[Thu Feb 07 2019 16:05:07 GMT+0100 (GMT+01:00)]:  Process got status code 2 - Options were: {"restartOnCrash":true,"crashTimeout":3000,"restartTimeout":0,"console":true,"logFile":"./wrapper.log","logConsoleOutput":null,"logTimestamp":true,"bootLoopDetection":3000}
[Thu Feb 07 2019 16:07:27 GMT+0100 (GMT+01:00)]:  Process got status code 2 - Options were: {"restartOnCrash":true,"crashTimeout":3000,"restartTimeout":0,"console":true,"logFile":"./wrapper.log","logConsoleOutput":null,"logTimestamp":true,"bootLoopDetection":3000}
[Thu Feb 07 2019 16:14:48 GMT+0100 (GMT+01:00)]:  Process got status code 2 - Options were: {"restartOnCrash":true,"crashTimeout":3000,"restartTimeout":0,"console":true,"logFile":"./wrapper.log","logConsoleOutput":null,"logTimestamp":true,"bootLoopDetection":3000}
[Thu Feb 07 2019 16:16:18 GMT+0100 (GMT+01:00)]:  Process got status code 2 - Options were: {"restartOnCrash":true,"crashTimeout":3000,"restartTimeout":0,"console":true,"logFile":"./wrapper.log","logConsoleOutput":null,"logTimestamp":true,"bootLoopDetection":3000}
[Thu Feb 07 2019 16:33:57 GMT+0100 (GMT+01:00)]:  Process got status code 2 - Options were: {"restartOnCrash":true,"crashTimeout":3000,"restartTimeout":0,"console":true,"logFile":"./wrapper.log","logConsoleOutput":null,"logTimestamp":true,"bootLoopDetection":3000}
[Thu Feb 07 2019 16:47:39 GMT+0100 (GMT+01:00)]:  Process got status code 2 - Options were: {"restartOnCrash":true,"crashTimeout":3000,"restartTimeout":0,"console":true,"logFile":"./wrapper.log","logConsoleOutput":null,"logTimestamp":true,"bootLoopDetection":3000}
[Thu Feb 07 2019 17:16:52 GMT+0100 (GMT+01:00)]:  Process got status code 2 - Options were: {"restartOnCrash":true,"crashTimeout":3000,"restartTimeout":0,"console":true,"logFile":"./wrapper.log","logConsoleOutput":null,"logTimestamp":true,"bootLoopDetection":3000}
[Thu Feb 07 2019 17:18:50 GMT+0100 (GMT+01:00)]:  Process got status code 2 - Options were: {"restartOnCrash":true,"crashTimeout":3000,"restartTimeout":0,"console":true,"logFile":"./wrapper.log","logConsoleOutput":null,"logTimestamp":true,"bootLoopDetection":3000}
[Thu Feb 07 2019 17:25:49 GMT+0100 (GMT+01:00)]:  Process got status code 2 - Options were: {"restartOnCrash":true,"crashTimeout":3000,"restartTimeout":0,"console":true,"logFile":"./wrapper.log","logConsoleOutput":null,"logTimestamp":true,"bootLoopDetection":3000}
[Thu Feb 07 2019 17:26:45 GMT+0100 (GMT+01:00)]:  Process got status code 2 - Options were: {"restartOnCrash":true,"crashTimeout":3000,"restartTimeout":0,"console":true,"logFile":"./wrapper.log","logConsoleOutput":null,"logTimestamp":true,"bootLoopDetection":3000}
[Thu Feb 07 2019 17:26:57 GMT+0100 (GMT+01:00)]:  Process got status code 2 - Options were: {"restartOnCrash":true,"crashTimeout":3000,"restartTimeout":0,"console":true,"logFile":"./wrapper.log","logConsoleOutput":null,"logTimestamp":true,"bootLoopDetection":3000}
[Thu Feb 07 2019 17:42:18 GMT+0100 (GMT+01:00)]:  Process got status code 2 - Options were: {"restartOnCrash":true,"crashTimeout":3000,"restartTimeout":0,"console":true,"logFile":"./wrapper.log","logConsoleOutput":null,"logTimestamp":true,"bootLoopDetection":3000}
[Thu Feb 07 2019 17:51:53 GMT+0100 (GMT+01:00)]:  Process got status code 2 - Options were: {"restartOnCrash":true,"crashTimeout":3000,"restartTimeout":0,"console":true,"logFile":"./wrapper.log","logConsoleOutput":null,"logTimestamp":true,"bootLoopDetection":3000}
[Thu Feb 07 2019 18:57:22 GMT+0100 (GMT+01:00)]:  Process got status code 2 - Options were: {"restartOnCrash":true,"crashTimeout":3000,"restartTimeout":0,"console":true,"logFile":"./wrapper.log","logConsoleOutput":null,"logTimestamp":true,"bootLoopDetection":3000}
[Thu Feb 07 2019 20:12:57 GMT+0100 (GMT+01:00)]:  Process got status code 2 - Options were: {"restartOnCrash":true,"crashTimeout":3000,"restartTimeout":0,"console":true,"logFile":"./wrapper.log","logConsoleOutput":null,"logTimestamp":true,"bootLoopDetection":3000}
[Thu Feb 07 2019 20:16:49 GMT+0100 (GMT+01:00)]:  Process got status code 2 - Options were: {"restartOnCrash":true,"crashTimeout":3000,"restartTimeout":0,"console":true,"logFile":"./wrapper.log","logConsoleOutput":null,"logTimestamp":true,"bootLoopDetection":3000}
[Thu Feb 07 2019 21:45:29 GMT+0100 (GMT+01:00)]:  Process got status code 2 - Options were: {"restartOnCrash":true,"crashTimeout":3000,"restartTimeout":0,"console":true,"logFile":"./wrapper.log","logConsoleOutput":null,"logTimestamp":true,"bootLoopDetection":3000}
[Thu Feb 07 2019 22:11:37 GMT+0100 (GMT+01:00)]:  Process got status code 2 - Options were: {"restartOnCrash":true,"crashTimeout":3000,"restartTimeout":0,"console":true,"logFile":"./wrapper.log","logConsoleOutput":null,"logTimestamp":true,"bootLoopDetection":3000}
[Thu Feb 07 2019 22:41:23 GMT+0100 (GMT+01:00)]:  Process got status code 2 - Options were: {"restartOnCrash":true,"crashTimeout":3000,"restartTimeout":0,"console":true,"logFile":"./wrapper.log","logConsoleOutput":null,"logTimestamp":true,"bootLoopDetection":3000}
[Fri Feb 08 2019 20:33:17 GMT+0100 (GMT+01:00)]:  Process got status code 1 - Options were: {"restartOnCrash":true,"crashTimeout":3000,"restartTimeout":0,"console":true,"logFile":"./wrapper.log","logConsoleOutput":null,"logTimestamp":true,"bootLoopDetection":3000}
[Fri Feb 08 2019 20:36:15 GMT+0100 (GMT+01:00)]:  Process got status code 2 - Options were: {"restartOnCrash":true,"crashTimeout":3000,"restartTimeout":0,"console":true,"logFile":"./wrapper.log","logConsoleOutput":null,"logTimestamp":true,"bootLoopDetection":3000}
[Fri Feb 08 2019 23:18:38 GMT+0100 (GMT+01:00)]:  Process got status code 2 - Options were: {"restartOnCrash":true,"crashTimeout":3000,"restartTimeout":0,"console":true,"logFile":"./wrapper.log","logConsoleOutput":null,"logTimestamp":true,"bootLoopDetection":3000}
[Sat Feb 09 2019 13:50:39 GMT+0100 (GMT+01:00)]:  Process got status code 1 - Options were: {"restartOnCrash":true,"crashTimeout":3000,"restartTimeout":0,"console":true,"logFile":"./wrapper.log","logConsoleOutput":null,"logTimestamp":true,"bootLoopDetection":3000}
[Sat Feb 09 2019 14:19:07 GMT+0100 (GMT+01:00)]:  Process got status code 1 - Options were: {"restartOnCrash":true,"crashTimeout":3000,"restartTimeout":0,"console":true,"logFile":"./wrapper.log","logConsoleOutput":null,"logTimestamp":true,"bootLoopDetection":3000}
[Mon Feb 11 2019 04:52:28 GMT+0100 (GMT+01:00)]:  Process got status code 1 - Options were: {"restartOnCrash":true,"crashTimeout":3000,"restartTimeout":0,"console":true,"logFile":"./wrapper.log","logConsoleOutput":null,"logTimestamp":true,"bootLoopDetection":3000}
[Mon Feb 11 2019 05:14:22 GMT+0100 (GMT+01:00)]:  Process got status code 1 - Options were: {"restartOnCrash":true,"crashTimeout":3000,"restartTimeout":0,"console":true,"logFile":"./wrapper.log","logConsoleOutput":null,"logTimestamp":true,"bootLoopDetection":3000}
[Mon Feb 11 2019 05:19:35 GMT+0100 (GMT+01:00)]:  Process got status code 1 - Options were: {"restartOnCrash":true,"crashTimeout":3000,"restartTimeout":0,"console":true,"logFile":"./wrapper.log","logConsoleOutput":null,"logTimestamp":true,"bootLoopDetection":3000}
[Mon Feb 11 2019 09:29:07 GMT+0100 (GMT+01:00)]:  Process got status code 1 - Options were: {"restartOnCrash":true,"crashTimeout":3000,"restartTimeout":0,"console":true,"logFile":"./wrapper.log","logConsoleOutput":null,"logTimestamp":true,"bootLoopDetection":3000}
[Tue Feb 12 2019 04:15:10 GMT+0100 (GMT+01:00)]:  Process got status code 1 - Options were: {"restartOnCrash":true,"crashTimeout":3000,"restartTimeout":0,"console":true,"logFile":"./wrapper.log","logConsoleOutput":null,"logTimestamp":true,"bootLoopDetection":3000}
[Tue Feb 12 2019 04:28:17 GMT+0100 (GMT+01:00)]:  Process got status code 1 - Options were: {"restartOnCrash":true,"crashTimeout":3000,"restartTimeout":0,"console":true,"logFile":"./wrapper.log","logConsoleOutput":null,"logTimestamp":true,"bootLoopDetection":3000}
[Tue Feb 12 2019 04:32:04 GMT+0100 (GMT+01:00)]:  Process got status code 1 - Options were: {"restartOnCrash":true,"crashTimeout":3000,"restartTimeout":0,"console":true,"logFile":"./wrapper.log","logConsoleOutput":null,"logTimestamp":true,"bootLoopDetection":3000}
[Tue Feb 12 2019 07:24:00 GMT+0100 (GMT+01:00)]:  Process got status code 1 - Options were: {"restartOnCrash":true,"crashTimeout":3000,"restartTimeout":0,"console":true,"logFile":"./wrapper.log","logConsoleOutput":null,"logTimestamp":true,"bootLoopDetection":3000}
[Thu Feb 14 2019 05:11:37 GMT+0100 (GMT+01:00)]:  Process got status code 1 - Options were: {"restartOnCrash":true,"crashTimeout":3000,"restartTimeout":0,"console":true,"logFile":"./wrapper.log","logConsoleOutput":null,"logTimestamp":true,"bootLoopDetection":3000}
[Thu Feb 14 2019 05:11:47 GMT+0100 (GMT+01:00)]:  Process got status code 1 - Options were: {"restartOnCrash":true,"crashTimeout":3000,"restartTimeout":0,"console":true,"logFile":"./wrapper.log","logConsoleOutput":null,"logTimestamp":true,"bootLoopDetection":3000}
[Thu Feb 14 2019 10:37:21 GMT+0100 (GMT+01:00)]:  Process got status code 1 - Options were: {"restartOnCrash":true,"crashTimeout":3000,"restartTimeout":0,"console":true,"logFile":"./wrapper.log","logConsoleOutput":null,"logTimestamp":true,"bootLoopDetection":3000}
[Thu Feb 14 2019 14:11:27 GMT+0100 (GMT+01:00)]:  Process got status code 2 - Options were: {"restartOnCrash":true,"crashTimeout":1000,"restartTimeout":0,"console":true,"logFile":"./wrapper.log","logConsoleOutput":null,"logTimestamp":true,"bootLoopDetection":3000}
[Mon Feb 18 2019 18:31:01 GMT+0100 (GMT+01:00)]:  Process got status code 2 - Options were: {"restartOnCrash":true,"crashTimeout":1000,"restartTimeout":0,"console":true,"logFile":"./wrapper.log","logConsoleOutput":null,"logTimestamp":true,"bootLoopDetection":3000}
[Mon Feb 18 2019 18:31:06 GMT+0100 (GMT+01:00)]:  Process got status code 2 - Options were: {"restartOnCrash":true,"crashTimeout":1000,"restartTimeout":0,"console":true,"logFile":"./wrapper.log","logConsoleOutput":null,"logTimestamp":true,"bootLoopDetection":3000}
[Mon Feb 18 2019 18:32:25 GMT+0100 (GMT+01:00)]:  Process got status code 2 - Options were: {"restartOnCrash":true,"crashTimeout":1000,"restartTimeout":0,"console":true,"logFile":"./wrapper.log","logConsoleOutput":null,"logTimestamp":true,"bootLoopDetection":3000}
[Mon Feb 18 2019 18:33:38 GMT+0100 (GMT+01:00)]:  Process got status code 2 - Options were: {"restartOnCrash":true,"crashTimeout":1000,"restartTimeout":0,"console":true,"logFile":"./wrapper.log","logConsoleOutput":null,"logTimestamp":true,"bootLoopDetection":3000}
[Mon Feb 18 2019 18:33:39 GMT+0100 (GMT+01:00)]:  Process got status code 1 - Options were: {"restartOnCrash":true,"crashTimeout":1000,"restartTimeout":0,"console":true,"logFile":"./wrapper.log","logConsoleOutput":null,"logTimestamp":true,"bootLoopDetection":3000}
[Mon Feb 18 2019 18:33:40 GMT+0100 (GMT+01:00)]:  Process got status code 1 - Options were: {"restartOnCrash":true,"crashTimeout":1000,"restartTimeout":0,"console":true,"logFile":"./wrapper.log","logConsoleOutput":null,"logTimestamp":true,"bootLoopDetection":3000}
[Mon Feb 18 2019 18:33:41 GMT+0100 (GMT+01:00)]:  Process got status code 1 - Options were: {"restartOnCrash":true,"crashTimeout":1000,"restartTimeout":0,"console":true,"logFile":"./wrapper.log","logConsoleOutput":null,"logTimestamp":true,"bootLoopDetection":3000}
[Mon Feb 18 2019 18:33:43 GMT+0100 (GMT+01:00)]:  Process got status code 1 - Options were: {"restartOnCrash":true,"crashTimeout":1000,"restartTimeout":0,"console":true,"logFile":"./wrapper.log","logConsoleOutput":null,"logTimestamp":true,"bootLoopDetection":3000}
[Mon Feb 18 2019 18:33:44 GMT+0100 (GMT+01:00)]:  Process got status code 1 - Options were: {"restartOnCrash":true,"crashTimeout":1000,"restartTimeout":0,"console":true,"logFile":"./wrapper.log","logConsoleOutput":null,"logTimestamp":true,"bootLoopDetection":3000}
[Mon Feb 18 2019 18:34:22 GMT+0100 (GMT+01:00)]:  Process got status code 1 - Options were: {"restartOnCrash":true,"crashTimeout":1000,"restartTimeout":0,"console":true,"logFile":"./wrapper.log","logConsoleOutput":null,"logTimestamp":true,"bootLoopDetection":3000}
[Mon Feb 18 2019 18:34:23 GMT+0100 (GMT+01:00)]:  Process got status code 1 - Options were: {"restartOnCrash":true,"crashTimeout":1000,"restartTimeout":0,"console":true,"logFile":"./wrapper.log","logConsoleOutput":null,"logTimestamp":true,"bootLoopDetection":3000}
[Mon Feb 18 2019 18:34:24 GMT+0100 (GMT+01:00)]:  Process got status code 1 - Options were: {"restartOnCrash":true,"crashTimeout":1000,"restartTimeout":0,"console":true,"logFile":"./wrapper.log","logConsoleOutput":null,"logTimestamp":true,"bootLoopDetection":3000}
[Mon Feb 18 2019 18:34:26 GMT+0100 (GMT+01:00)]:  Process got status code 1 - Options were: {"restartOnCrash":true,"crashTimeout":1000,"restartTimeout":0,"console":true,"logFile":"./wrapper.log","logConsoleOutput":null,"logTimestamp":true,"bootLoopDetection":3000}
[Mon Feb 18 2019 18:34:27 GMT+0100 (GMT+01:00)]:  Process got status code 1 - Options were: {"restartOnCrash":true,"crashTimeout":1000,"restartTimeout":0,"console":true,"logFile":"./wrapper.log","logConsoleOutput":null,"logTimestamp":true,"bootLoopDetection":3000}
[Mon Feb 18 2019 18:36:28 GMT+0100 (GMT+01:00)]:  Process got status code 2 - Options were: {"restartOnCrash":true,"crashTimeout":1000,"restartTimeout":0,"console":true,"logFile":"./wrapper.log","logConsoleOutput":null,"logTimestamp":true,"bootLoopDetection":3000}
[Mon Feb 18 2019 18:43:03 GMT+0100 (GMT+01:00)]:  Process got status code 2 - Options were: {"restartOnCrash":true,"crashTimeout":1000,"restartTimeout":0,"console":true,"logFile":"./wrapper.log","logConsoleOutput":null,"logTimestamp":true,"bootLoopDetection":3000}
[Mon Feb 18 2019 18:58:28 GMT+0100 (GMT+01:00)]:  Process got status code 2 - Options were: {"restartOnCrash":true,"crashTimeout":1000,"restartTimeout":0,"console":true,"logFile":"./wrapper.log","logConsoleOutput":null,"logTimestamp":true,"bootLoopDetection":3000}
[Mon Feb 18 2019 18:58:50 GMT+0100 (GMT+01:00)]:  Process got status code 2 - Options were: {"restartOnCrash":true,"crashTimeout":1000,"restartTimeout":0,"console":true,"logFile":"./wrapper.log","logConsoleOutput":null,"logTimestamp":true,"bootLoopDetection":3000}
[Mon Feb 18 2019 18:59:39 GMT+0100 (GMT+01:00)]:  Process got status code 2 - Options were: {"restartOnCrash":true,"crashTimeout":1000,"restartTimeout":0,"console":true,"logFile":"./wrapper.log","logConsoleOutput":null,"logTimestamp":true,"bootLoopDetection":3000}
[Mon Feb 18 2019 18:59:59 GMT+0100 (GMT+01:00)]:  Process got status code 2 - Options were: {"restartOnCrash":true,"crashTimeout":1000,"restartTimeout":0,"console":true,"logFile":"./wrapper.log","logConsoleOutput":null,"logTimestamp":true,"bootLoopDetection":3000}
[Mon Feb 18 2019 19:00:31 GMT+0100 (GMT+01:00)]:  Process got status code 2 - Options were: {"restartOnCrash":true,"crashTimeout":1000,"restartTimeout":0,"console":true,"logFile":"./wrapper.log","logConsoleOutput":null,"logTimestamp":true,"bootLoopDetection":3000}
[Mon Feb 18 2019 19:01:09 GMT+0100 (GMT+01:00)]:  Process got status code 2 - Options were: {"restartOnCrash":true,"crashTimeout":1000,"restartTimeout":0,"console":true,"logFile":"./wrapper.log","logConsoleOutput":null,"logTimestamp":true,"bootLoopDetection":3000}
[Mon Feb 18 2019 19:02:37 GMT+0100 (GMT+01:00)]:  Process got status code 2 - Options were: {"restartOnCrash":true,"crashTimeout":1000,"restartTimeout":0,"console":true,"logFile":"./wrapper.log","logConsoleOutput":null,"logTimestamp":true,"bootLoopDetection":3000}
[Mon Feb 18 2019 19:03:24 GMT+0100 (GMT+01:00)]:  Process got status code 2 - Options were: {"restartOnCrash":true,"crashTimeout":1000,"restartTimeout":0,"console":true,"logFile":"./wrapper.log","logConsoleOutput":null,"logTimestamp":true,"bootLoopDetection":3000}
[Mon Feb 18 2019 19:08:10 GMT+0100 (GMT+01:00)]:  Process got status code 2 - Options were: {"restartOnCrash":true,"crashTimeout":1000,"restartTimeout":0,"console":true,"logFile":"./wrapper.log","logConsoleOutput":null,"logTimestamp":true,"bootLoopDetection":3000}
[Mon Feb 18 2019 19:09:06 GMT+0100 (GMT+01:00)]:  Process got status code 2 - Options were: {"restartOnCrash":true,"crashTimeout":1000,"restartTimeout":0,"console":true,"logFile":"./wrapper.log","logConsoleOutput":null,"logTimestamp":true,"bootLoopDetection":3000}
[Mon Feb 18 2019 19:09:35 GMT+0100 (GMT+01:00)]:  Process got status code 2 - Options were: {"restartOnCrash":true,"crashTimeout":1000,"restartTimeout":0,"console":true,"logFile":"./wrapper.log","logConsoleOutput":null,"logTimestamp":true,"bootLoopDetection":3000}
[Mon Feb 18 2019 19:10:04 GMT+0100 (GMT+01:00)]:  Process got status code 2 - Options were: {"restartOnCrash":true,"crashTimeout":1000,"restartTimeout":0,"console":true,"logFile":"./wrapper.log","logConsoleOutput":null,"logTimestamp":true,"bootLoopDetection":3000}
[Mon Feb 18 2019 19:10:20 GMT+0100 (GMT+01:00)]:  Process got status code 2 - Options were: {"restartOnCrash":true,"crashTimeout":1000,"restartTimeout":0,"console":true,"logFile":"./wrapper.log","logConsoleOutput":null,"logTimestamp":true,"bootLoopDetection":3000}
[Mon Feb 18 2019 19:10:56 GMT+0100 (GMT+01:00)]:  Process got status code 2 - Options were: {"restartOnCrash":true,"crashTimeout":1000,"restartTimeout":0,"console":true,"logFile":"./wrapper.log","logConsoleOutput":null,"logTimestamp":true,"bootLoopDetection":3000}
[Mon Feb 18 2019 19:12:52 GMT+0100 (GMT+01:00)]:  Process got status code 2 - Options were: {"restartOnCrash":true,"crashTimeout":1000,"restartTimeout":0,"console":true,"logFile":"./wrapper.log","logConsoleOutput":null,"logTimestamp":true,"bootLoopDetection":3000}
[Mon Feb 18 2019 19:13:35 GMT+0100 (GMT+01:00)]:  Process got status code 2 - Options were: {"restartOnCrash":true,"crashTimeout":1000,"restartTimeout":0,"console":true,"logFile":"./wrapper.log","logConsoleOutput":null,"logTimestamp":true,"bootLoopDetection":3000}
[Mon Feb 18 2019 19:14:19 GMT+0100 (GMT+01:00)]:  Process got status code 2 - Options were: {"restartOnCrash":true,"crashTimeout":1000,"restartTimeout":0,"console":true,"logFile":"./wrapper.log","logConsoleOutput":null,"logTimestamp":true,"bootLoopDetection":3000}
[Mon Feb 18 2019 19:14:37 GMT+0100 (GMT+01:00)]:  Process got status code 2 - Options were: {"restartOnCrash":true,"crashTimeout":1000,"restartTimeout":0,"console":true,"logFile":"./wrapper.log","logConsoleOutput":null,"logTimestamp":true,"bootLoopDetection":3000}
[Mon Feb 18 2019 19:16:42 GMT+0100 (GMT+01:00)]:  Process got status code 2 - Options were: {"restartOnCrash":true,"crashTimeout":1000,"restartTimeout":0,"console":true,"logFile":"./wrapper.log","logConsoleOutput":null,"logTimestamp":true,"bootLoopDetection":3000}
[Mon Feb 18 2019 19:17:31 GMT+0100 (GMT+01:00)]:  Process got status code 2 - Options were: {"restartOnCrash":true,"crashTimeout":1000,"restartTimeout":0,"console":true,"logFile":"./wrapper.log","logConsoleOutput":null,"logTimestamp":true,"bootLoopDetection":3000}
[Mon Feb 18 2019 19:17:52 GMT+0100 (GMT+01:00)]:  Process got status code 2 - Options were: {"restartOnCrash":true,"crashTimeout":1000,"restartTimeout":0,"console":true,"logFile":"./wrapper.log","logConsoleOutput":null,"logTimestamp":true,"bootLoopDetection":3000}
[Mon Feb 18 2019 19:19:09 GMT+0100 (GMT+01:00)]:  Process got status code 2 - Options were: {"restartOnCrash":true,"crashTimeout":1000,"restartTimeout":0,"console":true,"logFile":"./wrapper.log","logConsoleOutput":null,"logTimestamp":true,"bootLoopDetection":3000}
[Mon Feb 18 2019 19:19:27 GMT+0100 (GMT+01:00)]:  Process got status code 2 - Options were: {"restartOnCrash":true,"crashTimeout":1000,"restartTimeout":0,"console":true,"logFile":"./wrapper.log","logConsoleOutput":null,"logTimestamp":true,"bootLoopDetection":3000}
[Mon Feb 18 2019 19:21:53 GMT+0100 (GMT+01:00)]:  Process got status code 2 - Options were: {"restartOnCrash":true,"crashTimeout":1000,"restartTimeout":0,"console":true,"logFile":"./wrapper.log","logConsoleOutput":null,"logTimestamp":true,"bootLoopDetection":3000}
[Mon Feb 18 2019 19:22:07 GMT+0100 (GMT+01:00)]:  Process got status code 2 - Options were: {"restartOnCrash":true,"crashTimeout":1000,"restartTimeout":0,"console":true,"logFile":"./wrapper.log","logConsoleOutput":null,"logTimestamp":true,"bootLoopDetection":3000}
[Mon Feb 18 2019 19:22:50 GMT+0100 (GMT+01:00)]:  Process got status code 2 - Options were: {"restartOnCrash":true,"crashTimeout":1000,"restartTimeout":0,"console":true,"logFile":"./wrapper.log","logConsoleOutput":null,"logTimestamp":true,"bootLoopDetection":3000}
[Mon Feb 18 2019 19:24:06 GMT+0100 (GMT+01:00)]:  Process got status code 2 - Options were: {"restartOnCrash":true,"crashTimeout":1000,"restartTimeout":0,"console":true,"logFile":"./wrapper.log","logConsoleOutput":null,"logTimestamp":true,"bootLoopDetection":3000}
[Mon Feb 18 2019 19:26:22 GMT+0100 (GMT+01:00)]:  Process got status code 2 - Options were: {"restartOnCrash":true,"crashTimeout":1000,"restartTimeout":0,"console":true,"logFile":"./wrapper.log","logConsoleOutput":null,"logTimestamp":true,"bootLoopDetection":3000}
[Mon Feb 18 2019 19:26:40 GMT+0100 (GMT+01:00)]:  Process got status code 2 - Options were: {"restartOnCrash":true,"crashTimeout":1000,"restartTimeout":0,"console":true,"logFile":"./wrapper.log","logConsoleOutput":null,"logTimestamp":true,"bootLoopDetection":3000}
[Mon Feb 18 2019 19:26:55 GMT+0100 (GMT+01:00)]:  Process got status code 2 - Options were: {"restartOnCrash":true,"crashTimeout":1000,"restartTimeout":0,"console":true,"logFile":"./wrapper.log","logConsoleOutput":null,"logTimestamp":true,"bootLoopDetection":3000}
[Mon Feb 18 2019 19:27:29 GMT+0100 (GMT+01:00)]:  Process got status code 2 - Options were: {"restartOnCrash":true,"crashTimeout":1000,"restartTimeout":0,"console":true,"logFile":"./wrapper.log","logConsoleOutput":null,"logTimestamp":true,"bootLoopDetection":3000}
[Mon Feb 18 2019 19:27:29 GMT+0100 (GMT+01:00)]:  Process got status code 1 - Options were: {"restartOnCrash":true,"crashTimeout":1000,"restartTimeout":0,"console":true,"logFile":"./wrapper.log","logConsoleOutput":null,"logTimestamp":true,"bootLoopDetection":3000}
[Mon Feb 18 2019 19:27:31 GMT+0100 (GMT+01:00)]:  Process got status code 1 - Options were: {"restartOnCrash":true,"crashTimeout":1000,"restartTimeout":0,"console":true,"logFile":"./wrapper.log","logConsoleOutput":null,"logTimestamp":true,"bootLoopDetection":3000}
[Mon Feb 18 2019 19:27:32 GMT+0100 (GMT+01:00)]:  Process got status code 1 - Options were: {"restartOnCrash":true,"crashTimeout":1000,"restartTimeout":0,"console":true,"logFile":"./wrapper.log","logConsoleOutput":null,"logTimestamp":true,"bootLoopDetection":3000}
[Mon Feb 18 2019 19:27:33 GMT+0100 (GMT+01:00)]:  Process got status code 1 - Options were: {"restartOnCrash":true,"crashTimeout":1000,"restartTimeout":0,"console":true,"logFile":"./wrapper.log","logConsoleOutput":null,"logTimestamp":true,"bootLoopDetection":3000}
[Mon Feb 18 2019 19:27:34 GMT+0100 (GMT+01:00)]:  Process got status code 1 - Options were: {"restartOnCrash":true,"crashTimeout":1000,"restartTimeout":0,"console":true,"logFile":"./wrapper.log","logConsoleOutput":null,"logTimestamp":true,"bootLoopDetection":3000}
[Mon Feb 18 2019 19:27:41 GMT+0100 (GMT+01:00)]:  Process got status code 1 - Options were: {"restartOnCrash":true,"crashTimeout":1000,"restartTimeout":0,"console":true,"logFile":"./wrapper.log","logConsoleOutput":null,"logTimestamp":true,"bootLoopDetection":3000}
[Mon Feb 18 2019 19:27:42 GMT+0100 (GMT+01:00)]:  Process got status code 1 - Options were: {"restartOnCrash":true,"crashTimeout":1000,"restartTimeout":0,"console":true,"logFile":"./wrapper.log","logConsoleOutput":null,"logTimestamp":true,"bootLoopDetection":3000}
[Mon Feb 18 2019 19:27:43 GMT+0100 (GMT+01:00)]:  Process got status code 1 - Options were: {"restartOnCrash":true,"crashTimeout":1000,"restartTimeout":0,"console":true,"logFile":"./wrapper.log","logConsoleOutput":null,"logTimestamp":true,"bootLoopDetection":3000}
[Mon Feb 18 2019 19:27:44 GMT+0100 (GMT+01:00)]:  Process got status code 1 - Options were: {"restartOnCrash":true,"crashTimeout":1000,"restartTimeout":0,"console":true,"logFile":"./wrapper.log","logConsoleOutput":null,"logTimestamp":true,"bootLoopDetection":3000}
[Mon Feb 18 2019 19:27:46 GMT+0100 (GMT+01:00)]:  Process got status code 1 - Options were: {"restartOnCrash":true,"crashTimeout":1000,"restartTimeout":0,"console":true,"logFile":"./wrapper.log","logConsoleOutput":null,"logTimestamp":true,"bootLoopDetection":3000}
[Mon Feb 18 2019 19:38:15 GMT+0100 (GMT+01:00)]:  Process got status code 2 - Options were: {"restartOnCrash":true,"crashTimeout":1000,"restartTimeout":0,"console":true,"logFile":"./wrapper.log","logConsoleOutput":null,"logTimestamp":true,"bootLoopDetection":3000}
[Mon Feb 18 2019 19:38:26 GMT+0100 (GMT+01:00)]:  Process got status code 2 - Options were: {"restartOnCrash":true,"crashTimeout":1000,"restartTimeout":0,"console":true,"logFile":"./wrapper.log","logConsoleOutput":null,"logTimestamp":true,"bootLoopDetection":3000}
[Mon Feb 18 2019 19:38:37 GMT+0100 (GMT+01:00)]:  Process got status code 2 - Options were: {"restartOnCrash":true,"crashTimeout":1000,"restartTimeout":0,"console":true,"logFile":"./wrapper.log","logConsoleOutput":null,"logTimestamp":true,"bootLoopDetection":3000}
[Mon Feb 18 2019 19:38:57 GMT+0100 (GMT+01:00)]:  Process got status code 2 - Options were: {"restartOnCrash":true,"crashTimeout":1000,"restartTimeout":0,"console":true,"logFile":"./wrapper.log","logConsoleOutput":null,"logTimestamp":true,"bootLoopDetection":3000}
[Mon Feb 18 2019 19:39:14 GMT+0100 (GMT+01:00)]:  Process got status code 2 - Options were: {"restartOnCrash":true,"crashTimeout":1000,"restartTimeout":0,"console":true,"logFile":"./wrapper.log","logConsoleOutput":null,"logTimestamp":true,"bootLoopDetection":3000}
[Mon Feb 18 2019 19:40:26 GMT+0100 (GMT+01:00)]:  Process got status code 2 - Options were: {"restartOnCrash":true,"crashTimeout":1000,"restartTimeout":0,"console":true,"logFile":"./wrapper.log","logConsoleOutput":null,"logTimestamp":true,"bootLoopDetection":3000}
[Mon Feb 18 2019 19:41:27 GMT+0100 (GMT+01:00)]:  Process got status code 2 - Options were: {"restartOnCrash":true,"crashTimeout":1000,"restartTimeout":0,"console":true,"logFile":"./wrapper.log","logConsoleOutput":null,"logTimestamp":true,"bootLoopDetection":3000}
[Mon Feb 18 2019 19:42:44 GMT+0100 (GMT+01:00)]:  Process got status code 2 - Options were: {"restartOnCrash":true,"crashTimeout":1000,"restartTimeout":0,"console":true,"logFile":"./wrapper.log","logConsoleOutput":null,"logTimestamp":true,"bootLoopDetection":3000}
[Mon Feb 18 2019 19:43:55 GMT+0100 (GMT+01:00)]:  Process got status code 2 - Options were: {"restartOnCrash":true,"crashTimeout":1000,"restartTimeout":0,"console":true,"logFile":"./wrapper.log","logConsoleOutput":null,"logTimestamp":true,"bootLoopDetection":3000}
[Mon Feb 18 2019 19:44:51 GMT+0100 (GMT+01:00)]:  Process got status code 2 - Options were: {"restartOnCrash":true,"crashTimeout":1000,"restartTimeout":0,"console":true,"logFile":"./wrapper.log","logConsoleOutput":null,"logTimestamp":true,"bootLoopDetection":3000}
[Mon Feb 18 2019 19:45:11 GMT+0100 (GMT+01:00)]:  Process got status code 2 - Options were: {"restartOnCrash":true,"crashTimeout":1000,"restartTimeout":0,"console":true,"logFile":"./wrapper.log","logConsoleOutput":null,"logTimestamp":true,"bootLoopDetection":3000}
[Mon Feb 18 2019 19:53:37 GMT+0100 (GMT+01:00)]:  Process got status code 2 - Options were: {"restartOnCrash":true,"crashTimeout":1000,"restartTimeout":0,"console":true,"logFile":"./wrapper.log","logConsoleOutput":null,"logTimestamp":true,"bootLoopDetection":3000}
[Mon Feb 18 2019 19:54:28 GMT+0100 (GMT+01:00)]:  Process got status code 2 - Options were: {"restartOnCrash":true,"crashTimeout":1000,"restartTimeout":0,"console":true,"logFile":"./wrapper.log","logConsoleOutput":null,"logTimestamp":true,"bootLoopDetection":3000}
[Mon Feb 18 2019 19:55:21 GMT+0100 (GMT+01:00)]:  Process got status code 2 - Options were: {"restartOnCrash":true,"crashTimeout":1000,"restartTimeout":0,"console":true,"logFile":"./wrapper.log","logConsoleOutput":null,"logTimestamp":true,"bootLoopDetection":3000}
[Mon Feb 18 2019 20:05:08 GMT+0100 (GMT+01:00)]:  Process got status code 2 - Options were: {"restartOnCrash":true,"crashTimeout":1000,"restartTimeout":0,"console":true,"logFile":"./wrapper.log","logConsoleOutput":null,"logTimestamp":true,"bootLoopDetection":3000}
[Wed Feb 20 2019 12:08:04 GMT+0100 (GMT+01:00)]:  Process got status code 2 - Options were: {"restartOnCrash":true,"crashTimeout":1000,"restartTimeout":0,"console":true,"logFile":"./wrapper.log","logConsoleOutput":null,"logTimestamp":true,"bootLoopDetection":3000}
[Wed Feb 20 2019 12:09:51 GMT+0100 (GMT+01:00)]:  Process got status code 2 - Options were: {"restartOnCrash":true,"crashTimeout":1000,"restartTimeout":0,"console":true,"logFile":"./wrapper.log","logConsoleOutput":null,"logTimestamp":true,"bootLoopDetection":3000}
[Wed Feb 20 2019 18:38:37 GMT+0100 (GMT+01:00)]:  Process got status code 2 - Options were: {"restartOnCrash":true,"crashTimeout":1000,"restartTimeout":0,"console":true,"logFile":"./wrapper.log","logConsoleOutput":null,"logTimestamp":true,"bootLoopDetection":3000}
[Wed Feb 20 2019 18:41:28 GMT+0100 (GMT+01:00)]:  Process got status code 2 - Options were: {"restartOnCrash":true,"crashTimeout":1000,"restartTimeout":0,"console":true,"logFile":"./wrapper.log","logConsoleOutput":null,"logTimestamp":true,"bootLoopDetection":3000}
[Thu Feb 21 2019 22:06:24 GMT+0100 (GMT+01:00)]:  Process got status code 2 - Options were: {"restartOnCrash":true,"crashTimeout":1000,"restartTimeout":0,"console":true,"logFile":"./wrapper.log","logConsoleOutput":null,"logTimestamp":true,"bootLoopDetection":3000}
[Mon Feb 25 2019 10:24:58 GMT+0100 (GMT+01:00)]:  Process got status code 2 - Options were: {"restartOnCrash":true,"crashTimeout":1000,"restartTimeout":0,"console":true,"logFile":"./wrapper.log","logConsoleOutput":null,"logTimestamp":true,"bootLoopDetection":3000}
[Mon Feb 25 2019 10:26:49 GMT+0100 (GMT+01:00)]:  Process got status code 2 - Options were: {"restartOnCrash":true,"crashTimeout":1000,"restartTimeout":0,"console":true,"logFile":"./wrapper.log","logConsoleOutput":null,"logTimestamp":true,"bootLoopDetection":3000}
[Mon Feb 25 2019 10:27:00 GMT+0100 (GMT+01:00)]:  Process got status code 2 - Options were: {"restartOnCrash":true,"crashTimeout":1000,"restartTimeout":0,"console":true,"logFile":"./wrapper.log","logConsoleOutput":null,"logTimestamp":true,"bootLoopDetection":3000}
[Mon Feb 25 2019 10:27:43 GMT+0100 (GMT+01:00)]:  Process got status code 2 - Options were: {"restartOnCrash":true,"crashTimeout":1000,"restartTimeout":0,"console":true,"logFile":"./wrapper.log","logConsoleOutput":null,"logTimestamp":true,"bootLoopDetection":3000}
[Mon Feb 25 2019 10:29:16 GMT+0100 (GMT+01:00)]:  Process got status code 2 - Options were: {"restartOnCrash":true,"crashTimeout":1000,"restartTimeout":0,"console":true,"logFile":"./wrapper.log","logConsoleOutput":null,"logTimestamp":true,"bootLoopDetection":3000}
[Mon Feb 25 2019 10:30:07 GMT+0100 (GMT+01:00)]:  Process got status code 2 - Options were: {"restartOnCrash":true,"crashTimeout":1000,"restartTimeout":0,"console":true,"logFile":"./wrapper.log","logConsoleOutput":null,"logTimestamp":true,"bootLoopDetection":3000}
[Mon Feb 25 2019 10:30:21 GMT+0100 (GMT+01:00)]:  Process got status code 2 - Options were: {"restartOnCrash":true,"crashTimeout":1000,"restartTimeout":0,"console":true,"logFile":"./wrapper.log","logConsoleOutput":null,"logTimestamp":true,"bootLoopDetection":3000}
[Mon Feb 25 2019 10:31:45 GMT+0100 (GMT+01:00)]:  Process got status code 2 - Options were: {"restartOnCrash":true,"crashTimeout":1000,"restartTimeout":0,"console":true,"logFile":"./wrapper.log","logConsoleOutput":null,"logTimestamp":true,"bootLoopDetection":3000}
[Mon Feb 25 2019 10:35:18 GMT+0100 (GMT+01:00)]:  Process got status code 2 - Options were: {"restartOnCrash":true,"crashTimeout":1000,"restartTimeout":0,"console":true,"logFile":"./wrapper.log","logConsoleOutput":null,"logTimestamp":true,"bootLoopDetection":3000}
[Mon Feb 25 2019 10:51:46 GMT+0100 (GMT+01:00)]:  Process got status code 2 - Options were: {"restartOnCrash":true,"crashTimeout":1000,"restartTimeout":0,"console":true,"logFile":"./wrapper.log","logConsoleOutput":null,"logTimestamp":true,"bootLoopDetection":3000}
[Mon Feb 25 2019 14:28:25 GMT+0100 (GMT+01:00)]:  Process got status code 2 - Options were: {"restartOnCrash":true,"crashTimeout":1000,"restartTimeout":0,"console":true,"logFile":"./wrapper.log","logConsoleOutput":null,"logTimestamp":true,"bootLoopDetection":3000}
[Mon Feb 25 2019 23:36:26 GMT+0100 (GMT+01:00)]:  Process got status code 2 - Options were: {"restartOnCrash":true,"crashTimeout":1000,"restartTimeout":0,"console":true,"logFile":"./wrapper.log","logConsoleOutput":null,"logTimestamp":true,"bootLoopDetection":3000}
[Thu Mar 07 2019 04:14:03 GMT+0100 (GMT+01:00)]:  Process got status code 2 - Options were: {"restartOnCrash":true,"crashTimeout":1000,"restartTimeout":0,"console":true,"logFile":"./wrapper.log","logConsoleOutput":null,"logTimestamp":true,"bootLoopDetection":3000}
[Thu Mar 07 2019 10:51:11 GMT+0100 (GMT+01:00)]:  Process got status code 2 - Options were: {"restartOnCrash":true,"crashTimeout":1000,"restartTimeout":0,"console":true,"logFile":"./wrapper.log","logConsoleOutput":null,"logTimestamp":true,"bootLoopDetection":3000}
